<?xml version="1.0" encoding="UTF-8"?>
<!-- Generated by org.testng.reporters.JUnitReportReporter -->
<testsuite hostname="USHYDATPAUL9" failures="0" tests="1" name="TestWhatsapp" time="0.002" errors="0" timestamp="2021-07-11T19:52:06 IST" skipped="0">
  <testcase classname="TestWhatsapp" name="f" time="0.002"/>
  <system-out/>
</testsuite> <!-- TestWhatsapp -->
