<?xml version="1.0" encoding="UTF-8"?>
<!-- Generated by org.testng.reporters.JUnitReportReporter -->
<testsuite hostname="USHYDATPAUL9" failures="0" tests="3" name="TestFacebook" time="0.009" errors="0" timestamp="2021-07-10T19:27:47 IST" skipped="0">
  <testcase classname="TestFacebook" name="f2" time="0.002"/>
  <system-out/>
  <testcase classname="TestFacebook" name="f3" time="0.001"/>
  <system-out/>
  <testcase classname="TestFacebook" name="f1" time="0.006"/>
  <system-out/>
</testsuite> <!-- TestFacebook -->
