<?xml version="1.0" encoding="UTF-8"?>
<!-- Generated by org.testng.reporters.JUnitReportReporter -->
<testsuite hostname="USHYDATPAUL9" failures="0" tests="3" name="TestGoogle" time="0.004" errors="0" timestamp="2021-07-10T19:27:47 IST" skipped="0">
  <testcase classname="TestGoogle" name="Gf2" time="0.001"/>
  <system-out/>
  <testcase classname="TestGoogle" name="Gf3" time="0.002"/>
  <system-out/>
  <testcase classname="TestGoogle" name="Gf1" time="0.001"/>
  <system-out/>
</testsuite> <!-- TestGoogle -->
